[2020-10-06 02:02:55] local.ERROR: SQLSTATE[HY000] [2002] No connection could be made because the target machine actively refused it.
 (SQL: select * from `produk` where `produk`.`id` = 3 limit 1) {"exception":"[object] (Illuminate\\Database\\QueryException(code: 2002): SQLSTATE[HY000] [2002] No connection could be made because the target machine actively refused it.
 (SQL: select * from `produk` where `produk`.`id` = 3 limit 1) at C:\\Users\\HikimoriKS\\Downloads\\firstAPI\\vendor\\illuminate\\database\\Connection.php:671)
[stacktrace]
#0 C:\\Users\\HikimoriKS\\Downloads\\firstAPI\\vendor\\illuminate\\database\\Connection.php(631): Illuminate\\Database\\Connection->runQueryCallback('select * from `...', Array, Object(Closure))
#1 C:\\Users\\HikimoriKS\\Downloads\\firstAPI\\vendor\\illuminate\\database\\Connection.php(339): Illuminate\\Database\\Connection->run('select * from `...', Array, Object(Closure))
#2 C:\\Users\\HikimoriKS\\Downloads\\firstAPI\\vendor\\illuminate\\database\\Query\\Builder.php(2302): Illuminate\\Database\\Connection->select('select * from `...', Array, true)
#3 C:\\Users\\HikimoriKS\\Downloads\\firstAPI\\vendor\\illuminate\\database\\Query\\Builder.php(2290): Illuminate\\Database\\Query\\Builder->runSelect()
#4 C:\\Users\\HikimoriKS\\Downloads\\firstAPI\\vendor\\illuminate\\database\\Query\\Builder.php(2785): Illuminate\\Database\\Query\\Builder->Illuminate\\Database\\Query\\{closure}()
#5 C:\\Users\\HikimoriKS\\Downloads\\firstAPI\\vendor\\illuminate\\database\\Query\\Builder.php(2291): Illuminate\\Database\\Query\\Builder->onceWithColumns(Array, Object(Closure))
#6 C:\\Users\\HikimoriKS\\Downloads\\firstAPI\\vendor\\illuminate\\database\\Eloquent\\Builder.php(547): Illuminate\\Database\\Query\\Builder->get(Array)
#7 C:\\Users\\HikimoriKS\\Downloads\\firstAPI\\vendor\\illuminate\\database\\Eloquent\\Builder.php(531): Illuminate\\Database\\Eloquent\\Builder->getModels(Array)
#8 C:\\Users\\HikimoriKS\\Downloads\\firstAPI\\vendor\\illuminate\\database\\Concerns\\BuildsQueries.php(147): Illuminate\\Database\\Eloquent\\Builder->get(Array)
#9 C:\\Users\\HikimoriKS\\Downloads\\firstAPI\\vendor\\illuminate\\database\\Eloquent\\Builder.php(353): Illuminate\\Database\\Eloquent\\Builder->first(Array)
#10 C:\\Users\\HikimoriKS\\Downloads\\firstAPI\\vendor\\illuminate\\support\\Traits\\ForwardsCalls.php(23): Illuminate\\Database\\Eloquent\\Builder->find('3')
#11 C:\\Users\\HikimoriKS\\Downloads\\firstAPI\\vendor\\illuminate\\database\\Eloquent\\Model.php(1726): Illuminate\\Database\\Eloquent\\Model->forwardCallTo(Object(Illuminate\\Database\\Eloquent\\Builder), 'find', Array)
#12 C:\\Users\\HikimoriKS\\Downloads\\firstAPI\\vendor\\illuminate\\database\\Eloquent\\Model.php(1738): Illuminate\\Database\\Eloquent\\Model->__call('find', Array)
#13 C:\\Users\\HikimoriKS\\Downloads\\firstAPI\\app\\Http\\Controllers\\ProdukController.php(49): Illuminate\\Database\\Eloquent\\Model::__callStatic('find', Array)
#14 [internal function]: App\\Http\\Controllers\\ProdukController->update(Object(Laravel\\Lumen\\Http\\Request), '3')
#15 C:\\Users\\HikimoriKS\\Downloads\\firstAPI\\vendor\\illuminate\\container\\BoundMethod.php(37): call_user_func_array(Array, Array)
#16 C:\\Users\\HikimoriKS\\Downloads\\firstAPI\\vendor\\illuminate\\container\\Util.php(40): Illuminate\\Container\\BoundMethod::Illuminate\\Container\\{closure}()
#17 C:\\Users\\HikimoriKS\\Downloads\\firstAPI\\vendor\\illuminate\\container\\BoundMethod.php(95): Illuminate\\Container\\Util::unwrapIfClosure(Object(Closure))
#18 C:\\Users\\HikimoriKS\\Downloads\\firstAPI\\vendor\\illuminate\\container\\BoundMethod.php(39): Illuminate\\Container\\BoundMethod::callBoundMethod(Object(Laravel\\Lumen\\Application), Array, Object(Closure))
#19 C:\\Users\\HikimoriKS\\Downloads\\firstAPI\\vendor\\illuminate\\container\\Container.php(596): Illuminate\\Container\\BoundMethod::call(Object(Laravel\\Lumen\\Application), Array, Array, NULL)
#20 C:\\Users\\HikimoriKS\\Downloads\\firstAPI\\vendor\\laravel\\lumen-framework\\src\\Concerns\\RoutesRequests.php(386): Illuminate\\Container\\Container->call(Array, Array)
#21 C:\\Users\\HikimoriKS\\Downloads\\firstAPI\\vendor\\laravel\\lumen-framework\\src\\Concerns\\RoutesRequests.php(352): Laravel\\Lumen\\Application->callControllerCallable(Array, Array)
#22 C:\\Users\\HikimoriKS\\Downloads\\firstAPI\\vendor\\laravel\\lumen-framework\\src\\Concerns\\RoutesRequests.php(326): Laravel\\Lumen\\Application->callLumenController(Object(App\\Http\\Controllers\\ProdukController), 'update', Array)
#23 C:\\Users\\HikimoriKS\\Downloads\\firstAPI\\vendor\\laravel\\lumen-framework\\src\\Concerns\\RoutesRequests.php(279): Laravel\\Lumen\\Application->callControllerAction(Array)
#24 C:\\Users\\HikimoriKS\\Downloads\\firstAPI\\vendor\\laravel\\lumen-framework\\src\\Concerns\\RoutesRequests.php(264): Laravel\\Lumen\\Application->callActionOnArrayBasedRoute(Array)
#25 C:\\Users\\HikimoriKS\\Downloads\\firstAPI\\vendor\\laravel\\lumen-framework\\src\\Concerns\\RoutesRequests.php(234): Laravel\\Lumen\\Application->handleFoundRoute(Array)
#26 C:\\Users\\HikimoriKS\\Downloads\\firstAPI\\vendor\\laravel\\lumen-framework\\src\\Concerns\\RoutesRequests.php(170): Laravel\\Lumen\\Application->handleDispatcherResponse(Array)
#27 C:\\Users\\HikimoriKS\\Downloads\\firstAPI\\vendor\\laravel\\lumen-framework\\src\\Concerns\\RoutesRequests.php(426): Laravel\\Lumen\\Application->Laravel\\Lumen\\Concerns\\{closure}(Object(Laravel\\Lumen\\Http\\Request))
#28 C:\\Users\\HikimoriKS\\Downloads\\firstAPI\\vendor\\laravel\\lumen-framework\\src\\Concerns\\RoutesRequests.php(172): Laravel\\Lumen\\Application->sendThroughPipeline(Array, Object(Closure))
#29 C:\\Users\\HikimoriKS\\Downloads\\firstAPI\\vendor\\laravel\\lumen-framework\\src\\Concerns\\RoutesRequests.php(109): Laravel\\Lumen\\Application->dispatch(NULL)
#30 C:\\Users\\HikimoriKS\\Downloads\\firstAPI\\public\\index.php(28): Laravel\\Lumen\\Application->run()
#31 {main}

[previous exception] [object] (PDOException(code: 2002): SQLSTATE[HY000] [2002] No connection could be made because the target machine actively refused it.
 at C:\\Users\\HikimoriKS\\Downloads\\firstAPI\\vendor\\illuminate\\database\\Connectors\\Connector.php:70)
[stacktrace]
#0 C:\\Users\\HikimoriKS\\Downloads\\firstAPI\\vendor\\illuminate\\database\\Connectors\\Connector.php(70): PDO->__construct('mysql:host=127....', 'root', '', Array)
#1 C:\\Users\\HikimoriKS\\Downloads\\firstAPI\\vendor\\illuminate\\database\\Connectors\\Connector.php(46): Illuminate\\Database\\Connectors\\Connector->createPdoConnection('mysql:host=127....', 'root', '', Array)
#2 C:\\Users\\HikimoriKS\\Downloads\\firstAPI\\vendor\\illuminate\\database\\Connectors\\MySqlConnector.php(24): Illuminate\\Database\\Connectors\\Connector->createConnection('mysql:host=127....', Array, Array)
#3 C:\\Users\\HikimoriKS\\Downloads\\firstAPI\\vendor\\illuminate\\database\\Connectors\\ConnectionFactory.php(184): Illuminate\\Database\\Connectors\\MySqlConnector->connect(Array)
#4 [internal function]: Illuminate\\Database\\Connectors\\ConnectionFactory->Illuminate\\Database\\Connectors\\{closure}()
#5 C:\\Users\\HikimoriKS\\Downloads\\firstAPI\\vendor\\illuminate\\database\\Connection.php(926): call_user_func(Object(Closure))
#6 C:\\Users\\HikimoriKS\\Downloads\\firstAPI\\vendor\\illuminate\\database\\Connection.php(961): Illuminate\\Database\\Connection->getPdo()
#7 C:\\Users\\HikimoriKS\\Downloads\\firstAPI\\vendor\\illuminate\\database\\Connection.php(405): Illuminate\\Database\\Connection->getReadPdo()
#8 C:\\Users\\HikimoriKS\\Downloads\\firstAPI\\vendor\\illuminate\\database\\Connection.php(331): Illuminate\\Database\\Connection->getPdoForSelect(true)
#9 C:\\Users\\HikimoriKS\\Downloads\\firstAPI\\vendor\\illuminate\\database\\Connection.php(664): Illuminate\\Database\\Connection->Illuminate\\Database\\{closure}('select * from `...', Array)
#10 C:\\Users\\HikimoriKS\\Downloads\\firstAPI\\vendor\\illuminate\\database\\Connection.php(631): Illuminate\\Database\\Connection->runQueryCallback('select * from `...', Array, Object(Closure))
#11 C:\\Users\\HikimoriKS\\Downloads\\firstAPI\\vendor\\illuminate\\database\\Connection.php(339): Illuminate\\Database\\Connection->run('select * from `...', Array, Object(Closure))
#12 C:\\Users\\HikimoriKS\\Downloads\\firstAPI\\vendor\\illuminate\\database\\Query\\Builder.php(2302): Illuminate\\Database\\Connection->select('select * from `...', Array, true)
#13 C:\\Users\\HikimoriKS\\Downloads\\firstAPI\\vendor\\illuminate\\database\\Query\\Builder.php(2290): Illuminate\\Database\\Query\\Builder->runSelect()
#14 C:\\Users\\HikimoriKS\\Downloads\\firstAPI\\vendor\\illuminate\\database\\Query\\Builder.php(2785): Illuminate\\Database\\Query\\Builder->Illuminate\\Database\\Query\\{closure}()
#15 C:\\Users\\HikimoriKS\\Downloads\\firstAPI\\vendor\\illuminate\\database\\Query\\Builder.php(2291): Illuminate\\Database\\Query\\Builder->onceWithColumns(Array, Object(Closure))
#16 C:\\Users\\HikimoriKS\\Downloads\\firstAPI\\vendor\\illuminate\\database\\Eloquent\\Builder.php(547): Illuminate\\Database\\Query\\Builder->get(Array)
#17 C:\\Users\\HikimoriKS\\Downloads\\firstAPI\\vendor\\illuminate\\database\\Eloquent\\Builder.php(531): Illuminate\\Database\\Eloquent\\Builder->getModels(Array)
#18 C:\\Users\\HikimoriKS\\Downloads\\firstAPI\\vendor\\illuminate\\database\\Concerns\\BuildsQueries.php(147): Illuminate\\Database\\Eloquent\\Builder->get(Array)
#19 C:\\Users\\HikimoriKS\\Downloads\\firstAPI\\vendor\\illuminate\\database\\Eloquent\\Builder.php(353): Illuminate\\Database\\Eloquent\\Builder->first(Array)
#20 C:\\Users\\HikimoriKS\\Downloads\\firstAPI\\vendor\\illuminate\\support\\Traits\\ForwardsCalls.php(23): Illuminate\\Database\\Eloquent\\Builder->find('3')
#21 C:\\Users\\HikimoriKS\\Downloads\\firstAPI\\vendor\\illuminate\\database\\Eloquent\\Model.php(1726): Illuminate\\Database\\Eloquent\\Model->forwardCallTo(Object(Illuminate\\Database\\Eloquent\\Builder), 'find', Array)
#22 C:\\Users\\HikimoriKS\\Downloads\\firstAPI\\vendor\\illuminate\\database\\Eloquent\\Model.php(1738): Illuminate\\Database\\Eloquent\\Model->__call('find', Array)
#23 C:\\Users\\HikimoriKS\\Downloads\\firstAPI\\app\\Http\\Controllers\\ProdukController.php(49): Illuminate\\Database\\Eloquent\\Model::__callStatic('find', Array)
#24 [internal function]: App\\Http\\Controllers\\ProdukController->update(Object(Laravel\\Lumen\\Http\\Request), '3')
#25 C:\\Users\\HikimoriKS\\Downloads\\firstAPI\\vendor\\illuminate\\container\\BoundMethod.php(37): call_user_func_array(Array, Array)
#26 C:\\Users\\HikimoriKS\\Downloads\\firstAPI\\vendor\\illuminate\\container\\Util.php(40): Illuminate\\Container\\BoundMethod::Illuminate\\Container\\{closure}()
#27 C:\\Users\\HikimoriKS\\Downloads\\firstAPI\\vendor\\illuminate\\container\\BoundMethod.php(95): Illuminate\\Container\\Util::unwrapIfClosure(Object(Closure))
#28 C:\\Users\\HikimoriKS\\Downloads\\firstAPI\\vendor\\illuminate\\container\\BoundMethod.php(39): Illuminate\\Container\\BoundMethod::callBoundMethod(Object(Laravel\\Lumen\\Application), Array, Object(Closure))
#29 C:\\Users\\HikimoriKS\\Downloads\\firstAPI\\vendor\\illuminate\\container\\Container.php(596): Illuminate\\Container\\BoundMethod::call(Object(Laravel\\Lumen\\Application), Array, Array, NULL)
#30 C:\\Users\\HikimoriKS\\Downloads\\firstAPI\\vendor\\laravel\\lumen-framework\\src\\Concerns\\RoutesRequests.php(386): Illuminate\\Container\\Container->call(Array, Array)
#31 C:\\Users\\HikimoriKS\\Downloads\\firstAPI\\vendor\\laravel\\lumen-framework\\src\\Concerns\\RoutesRequests.php(352): Laravel\\Lumen\\Application->callControllerCallable(Array, Array)
#32 C:\\Users\\HikimoriKS\\Downloads\\firstAPI\\vendor\\laravel\\lumen-framework\\src\\Concerns\\RoutesRequests.php(326): Laravel\\Lumen\\Application->callLumenController(Object(App\\Http\\Controllers\\ProdukController), 'update', Array)
#33 C:\\Users\\HikimoriKS\\Downloads\\firstAPI\\vendor\\laravel\\lumen-framework\\src\\Concerns\\RoutesRequests.php(279): Laravel\\Lumen\\Application->callControllerAction(Array)
#34 C:\\Users\\HikimoriKS\\Downloads\\firstAPI\\vendor\\laravel\\lumen-framework\\src\\Concerns\\RoutesRequests.php(264): Laravel\\Lumen\\Application->callActionOnArrayBasedRoute(Array)
#35 C:\\Users\\HikimoriKS\\Downloads\\firstAPI\\vendor\\laravel\\lumen-framework\\src\\Concerns\\RoutesRequests.php(234): Laravel\\Lumen\\Application->handleFoundRoute(Array)
#36 C:\\Users\\HikimoriKS\\Downloads\\firstAPI\\vendor\\laravel\\lumen-framework\\src\\Concerns\\RoutesRequests.php(170): Laravel\\Lumen\\Application->handleDispatcherResponse(Array)
#37 C:\\Users\\HikimoriKS\\Downloads\\firstAPI\\vendor\\laravel\\lumen-framework\\src\\Concerns\\RoutesRequests.php(426): Laravel\\Lumen\\Application->Laravel\\Lumen\\Concerns\\{closure}(Object(Laravel\\Lumen\\Http\\Request))
#38 C:\\Users\\HikimoriKS\\Downloads\\firstAPI\\vendor\\laravel\\lumen-framework\\src\\Concerns\\RoutesRequests.php(172): Laravel\\Lumen\\Application->sendThroughPipeline(Array, Object(Closure))
#39 C:\\Users\\HikimoriKS\\Downloads\\firstAPI\\vendor\\laravel\\lumen-framework\\src\\Concerns\\RoutesRequests.php(109): Laravel\\Lumen\\Application->dispatch(NULL)
#40 C:\\Users\\HikimoriKS\\Downloads\\firstAPI\\public\\index.php(28): Laravel\\Lumen\\Application->run()
#41 {main}
"} 
[2020-10-06 02:49:31] local.ERROR: Command "make:rollback" is not defined.

Did you mean one of these?
    make:migration
    make:seeder
    migrate:rollback {"exception":"[object] (Symfony\\Component\\Console\\Exception\\CommandNotFoundException(code: 0): Command \"make:rollback\" is not defined.

Did you mean one of these?
    make:migration
    make:seeder
    migrate:rollback at C:\\Users\\HikimoriKS\\Downloads\\firstAPI\\vendor\\symfony\\console\\Application.php:651)
[stacktrace]
#0 C:\\Users\\HikimoriKS\\Downloads\\firstAPI\\vendor\\symfony\\console\\Application.php(230): Symfony\\Component\\Console\\Application->find('make:rollback')
#1 C:\\Users\\HikimoriKS\\Downloads\\firstAPI\\vendor\\symfony\\console\\Application.php(142): Symfony\\Component\\Console\\Application->doRun(Object(Symfony\\Component\\Console\\Input\\ArgvInput), Object(Symfony\\Component\\Console\\Output\\ConsoleOutput))
#2 C:\\Users\\HikimoriKS\\Downloads\\firstAPI\\vendor\\illuminate\\console\\Application.php(93): Symfony\\Component\\Console\\Application->run(Object(Symfony\\Component\\Console\\Input\\ArgvInput), Object(Symfony\\Component\\Console\\Output\\ConsoleOutput))
#3 C:\\Users\\HikimoriKS\\Downloads\\firstAPI\\vendor\\laravel\\lumen-framework\\src\\Console\\Kernel.php(116): Illuminate\\Console\\Application->run(Object(Symfony\\Component\\Console\\Input\\ArgvInput), Object(Symfony\\Component\\Console\\Output\\ConsoleOutput))
#4 C:\\Users\\HikimoriKS\\Downloads\\firstAPI\\artisan(35): Laravel\\Lumen\\Console\\Kernel->handle(Object(Symfony\\Component\\Console\\Input\\ArgvInput), Object(Symfony\\Component\\Console\\Output\\ConsoleOutput))
#5 {main}
"} 
[2020-10-06 03:32:02] local.ERROR: Argument 1 passed to Laravel\Lumen\Routing\Controller::validate() must be an instance of Illuminate\Http\Request, array given, called in C:\Users\HikimoriKS\Downloads\firstAPI\app\Http\Controllers\UserController.php on line 13 {"exception":"[object] (TypeError(code: 0): Argument 1 passed to Laravel\\Lumen\\Routing\\Controller::validate() must be an instance of Illuminate\\Http\\Request, array given, called in C:\\Users\\HikimoriKS\\Downloads\\firstAPI\\app\\Http\\Controllers\\UserController.php on line 13 at C:\\Users\\HikimoriKS\\Downloads\\firstAPI\\vendor\\laravel\\lumen-framework\\src\\Routing\\ProvidesConvenienceMethods.php:63)
[stacktrace]
#0 C:\\Users\\HikimoriKS\\Downloads\\firstAPI\\app\\Http\\Controllers\\UserController.php(13): Laravel\\Lumen\\Routing\\Controller->validate(Array)
#1 [internal function]: App\\Http\\Controllers\\UserController->register(Object(Laravel\\Lumen\\Http\\Request))
#2 C:\\Users\\HikimoriKS\\Downloads\\firstAPI\\vendor\\illuminate\\container\\BoundMethod.php(37): call_user_func_array(Array, Array)
#3 C:\\Users\\HikimoriKS\\Downloads\\firstAPI\\vendor\\illuminate\\container\\Util.php(40): Illuminate\\Container\\BoundMethod::Illuminate\\Container\\{closure}()
#4 C:\\Users\\HikimoriKS\\Downloads\\firstAPI\\vendor\\illuminate\\container\\BoundMethod.php(95): Illuminate\\Container\\Util::unwrapIfClosure(Object(Closure))
#5 C:\\Users\\HikimoriKS\\Downloads\\firstAPI\\vendor\\illuminate\\container\\BoundMethod.php(39): Illuminate\\Container\\BoundMethod::callBoundMethod(Object(Laravel\\Lumen\\Application), Array, Object(Closure))
#6 C:\\Users\\HikimoriKS\\Downloads\\firstAPI\\vendor\\illuminate\\container\\Container.php(596): Illuminate\\Container\\BoundMethod::call(Object(Laravel\\Lumen\\Application), Array, Array, NULL)
#7 C:\\Users\\HikimoriKS\\Downloads\\firstAPI\\vendor\\laravel\\lumen-framework\\src\\Concerns\\RoutesRequests.php(386): Illuminate\\Container\\Container->call(Array, Array)
#8 C:\\Users\\HikimoriKS\\Downloads\\firstAPI\\vendor\\laravel\\lumen-framework\\src\\Concerns\\RoutesRequests.php(352): Laravel\\Lumen\\Application->callControllerCallable(Array, Array)
#9 C:\\Users\\HikimoriKS\\Downloads\\firstAPI\\vendor\\laravel\\lumen-framework\\src\\Concerns\\RoutesRequests.php(326): Laravel\\Lumen\\Application->callLumenController(Object(App\\Http\\Controllers\\UserController), 'register', Array)
#10 C:\\Users\\HikimoriKS\\Downloads\\firstAPI\\vendor\\laravel\\lumen-framework\\src\\Concerns\\RoutesRequests.php(279): Laravel\\Lumen\\Application->callControllerAction(Array)
#11 C:\\Users\\HikimoriKS\\Downloads\\firstAPI\\vendor\\laravel\\lumen-framework\\src\\Concerns\\RoutesRequests.php(264): Laravel\\Lumen\\Application->callActionOnArrayBasedRoute(Array)
#12 C:\\Users\\HikimoriKS\\Downloads\\firstAPI\\vendor\\laravel\\lumen-framework\\src\\Concerns\\RoutesRequests.php(166): Laravel\\Lumen\\Application->handleFoundRoute(Array)
#13 C:\\Users\\HikimoriKS\\Downloads\\firstAPI\\vendor\\laravel\\lumen-framework\\src\\Concerns\\RoutesRequests.php(426): Laravel\\Lumen\\Application->Laravel\\Lumen\\Concerns\\{closure}(Object(Laravel\\Lumen\\Http\\Request))
#14 C:\\Users\\HikimoriKS\\Downloads\\firstAPI\\vendor\\laravel\\lumen-framework\\src\\Concerns\\RoutesRequests.php(172): Laravel\\Lumen\\Application->sendThroughPipeline(Array, Object(Closure))
#15 C:\\Users\\HikimoriKS\\Downloads\\firstAPI\\vendor\\laravel\\lumen-framework\\src\\Concerns\\RoutesRequests.php(109): Laravel\\Lumen\\Application->dispatch(NULL)
#16 C:\\Users\\HikimoriKS\\Downloads\\firstAPI\\public\\index.php(28): Laravel\\Lumen\\Application->run()
#17 {main}
"} 
[2020-10-06 03:47:22] local.ERROR: Class 'App\Http\Controllers\Hash' not found {"exception":"[object] (Error(code: 0): Class 'App\\Http\\Controllers\\Hash' not found at C:\\Users\\HikimoriKS\\Downloads\\firstAPI\\app\\Http\\Controllers\\UserController.php:19)
[stacktrace]
#0 [internal function]: App\\Http\\Controllers\\UserController->register(Object(Laravel\\Lumen\\Http\\Request))
#1 C:\\Users\\HikimoriKS\\Downloads\\firstAPI\\vendor\\illuminate\\container\\BoundMethod.php(37): call_user_func_array(Array, Array)
#2 C:\\Users\\HikimoriKS\\Downloads\\firstAPI\\vendor\\illuminate\\container\\Util.php(40): Illuminate\\Container\\BoundMethod::Illuminate\\Container\\{closure}()
#3 C:\\Users\\HikimoriKS\\Downloads\\firstAPI\\vendor\\illuminate\\container\\BoundMethod.php(95): Illuminate\\Container\\Util::unwrapIfClosure(Object(Closure))
#4 C:\\Users\\HikimoriKS\\Downloads\\firstAPI\\vendor\\illuminate\\container\\BoundMethod.php(39): Illuminate\\Container\\BoundMethod::callBoundMethod(Object(Laravel\\Lumen\\Application), Array, Object(Closure))
#5 C:\\Users\\HikimoriKS\\Downloads\\firstAPI\\vendor\\illuminate\\container\\Container.php(596): Illuminate\\Container\\BoundMethod::call(Object(Laravel\\Lumen\\Application), Array, Array, NULL)
#6 C:\\Users\\HikimoriKS\\Downloads\\firstAPI\\vendor\\laravel\\lumen-framework\\src\\Concerns\\RoutesRequests.php(386): Illuminate\\Container\\Container->call(Array, Array)
#7 C:\\Users\\HikimoriKS\\Downloads\\firstAPI\\vendor\\laravel\\lumen-framework\\src\\Concerns\\RoutesRequests.php(352): Laravel\\Lumen\\Application->callControllerCallable(Array, Array)
#8 C:\\Users\\HikimoriKS\\Downloads\\firstAPI\\vendor\\laravel\\lumen-framework\\src\\Concerns\\RoutesRequests.php(326): Laravel\\Lumen\\Application->callLumenController(Object(App\\Http\\Controllers\\UserController), 'register', Array)
#9 C:\\Users\\HikimoriKS\\Downloads\\firstAPI\\vendor\\laravel\\lumen-framework\\src\\Concerns\\RoutesRequests.php(279): Laravel\\Lumen\\Application->callControllerAction(Array)
#10 C:\\Users\\HikimoriKS\\Downloads\\firstAPI\\vendor\\laravel\\lumen-framework\\src\\Concerns\\RoutesRequests.php(264): Laravel\\Lumen\\Application->callActionOnArrayBasedRoute(Array)
#11 C:\\Users\\HikimoriKS\\Downloads\\firstAPI\\vendor\\laravel\\lumen-framework\\src\\Concerns\\RoutesRequests.php(166): Laravel\\Lumen\\Application->handleFoundRoute(Array)
#12 C:\\Users\\HikimoriKS\\Downloads\\firstAPI\\vendor\\laravel\\lumen-framework\\src\\Concerns\\RoutesRequests.php(426): Laravel\\Lumen\\Application->Laravel\\Lumen\\Concerns\\{closure}(Object(Laravel\\Lumen\\Http\\Request))
#13 C:\\Users\\HikimoriKS\\Downloads\\firstAPI\\vendor\\laravel\\lumen-framework\\src\\Concerns\\RoutesRequests.php(172): Laravel\\Lumen\\Application->sendThroughPipeline(Array, Object(Closure))
#14 C:\\Users\\HikimoriKS\\Downloads\\firstAPI\\vendor\\laravel\\lumen-framework\\src\\Concerns\\RoutesRequests.php(109): Laravel\\Lumen\\Application->dispatch(NULL)
#15 C:\\Users\\HikimoriKS\\Downloads\\firstAPI\\public\\index.php(28): Laravel\\Lumen\\Application->run()
#16 {main}
"} 
[2020-10-06 03:51:24] local.ERROR: Unable to resolve dependency [Parameter #0 [ <required> $id ]] in class App\Http\Controllers\UserController {"exception":"[object] (Illuminate\\Contracts\\Container\\BindingResolutionException(code: 0): Unable to resolve dependency [Parameter #0 [ <required> $id ]] in class App\\Http\\Controllers\\UserController at C:\\Users\\HikimoriKS\\Downloads\\firstAPI\\vendor\\illuminate\\container\\BoundMethod.php:182)
[stacktrace]
#0 C:\\Users\\HikimoriKS\\Downloads\\firstAPI\\vendor\\illuminate\\container\\BoundMethod.php(126): Illuminate\\Container\\BoundMethod::addDependencyForCallParameter(Object(Laravel\\Lumen\\Application), Object(ReflectionParameter), Array, Array)
#1 C:\\Users\\HikimoriKS\\Downloads\\firstAPI\\vendor\\illuminate\\container\\BoundMethod.php(37): Illuminate\\Container\\BoundMethod::getMethodDependencies(Object(Laravel\\Lumen\\Application), Array, Array)
#2 C:\\Users\\HikimoriKS\\Downloads\\firstAPI\\vendor\\illuminate\\container\\Util.php(40): Illuminate\\Container\\BoundMethod::Illuminate\\Container\\{closure}()
#3 C:\\Users\\HikimoriKS\\Downloads\\firstAPI\\vendor\\illuminate\\container\\BoundMethod.php(95): Illuminate\\Container\\Util::unwrapIfClosure(Object(Closure))
#4 C:\\Users\\HikimoriKS\\Downloads\\firstAPI\\vendor\\illuminate\\container\\BoundMethod.php(39): Illuminate\\Container\\BoundMethod::callBoundMethod(Object(Laravel\\Lumen\\Application), Array, Object(Closure))
#5 C:\\Users\\HikimoriKS\\Downloads\\firstAPI\\vendor\\illuminate\\container\\Container.php(596): Illuminate\\Container\\BoundMethod::call(Object(Laravel\\Lumen\\Application), Array, Array, NULL)
#6 C:\\Users\\HikimoriKS\\Downloads\\firstAPI\\vendor\\laravel\\lumen-framework\\src\\Concerns\\RoutesRequests.php(386): Illuminate\\Container\\Container->call(Array, Array)
#7 C:\\Users\\HikimoriKS\\Downloads\\firstAPI\\vendor\\laravel\\lumen-framework\\src\\Concerns\\RoutesRequests.php(352): Laravel\\Lumen\\Application->callControllerCallable(Array, Array)
#8 C:\\Users\\HikimoriKS\\Downloads\\firstAPI\\vendor\\laravel\\lumen-framework\\src\\Concerns\\RoutesRequests.php(326): Laravel\\Lumen\\Application->callLumenController(Object(App\\Http\\Controllers\\UserController), 'getPassword', Array)
#9 C:\\Users\\HikimoriKS\\Downloads\\firstAPI\\vendor\\laravel\\lumen-framework\\src\\Concerns\\RoutesRequests.php(279): Laravel\\Lumen\\Application->callControllerAction(Array)
#10 C:\\Users\\HikimoriKS\\Downloads\\firstAPI\\vendor\\laravel\\lumen-framework\\src\\Concerns\\RoutesRequests.php(264): Laravel\\Lumen\\Application->callActionOnArrayBasedRoute(Array)
#11 C:\\Users\\HikimoriKS\\Downloads\\firstAPI\\vendor\\laravel\\lumen-framework\\src\\Concerns\\RoutesRequests.php(166): Laravel\\Lumen\\Application->handleFoundRoute(Array)
#12 C:\\Users\\HikimoriKS\\Downloads\\firstAPI\\vendor\\laravel\\lumen-framework\\src\\Concerns\\RoutesRequests.php(426): Laravel\\Lumen\\Application->Laravel\\Lumen\\Concerns\\{closure}(Object(Laravel\\Lumen\\Http\\Request))
#13 C:\\Users\\HikimoriKS\\Downloads\\firstAPI\\vendor\\laravel\\lumen-framework\\src\\Concerns\\RoutesRequests.php(172): Laravel\\Lumen\\Application->sendThroughPipeline(Array, Object(Closure))
#14 C:\\Users\\HikimoriKS\\Downloads\\firstAPI\\vendor\\laravel\\lumen-framework\\src\\Concerns\\RoutesRequests.php(109): Laravel\\Lumen\\Application->dispatch(NULL)
#15 C:\\Users\\HikimoriKS\\Downloads\\firstAPI\\public\\index.php(28): Laravel\\Lumen\\Application->run()
#16 {main}
"} 
[2020-10-06 03:52:35] local.ERROR: Unable to resolve dependency [Parameter #0 [ <required> $id ]] in class App\Http\Controllers\UserController {"exception":"[object] (Illuminate\\Contracts\\Container\\BindingResolutionException(code: 0): Unable to resolve dependency [Parameter #0 [ <required> $id ]] in class App\\Http\\Controllers\\UserController at C:\\Users\\HikimoriKS\\Downloads\\firstAPI\\vendor\\illuminate\\container\\BoundMethod.php:182)
[stacktrace]
#0 C:\\Users\\HikimoriKS\\Downloads\\firstAPI\\vendor\\illuminate\\container\\BoundMethod.php(126): Illuminate\\Container\\BoundMethod::addDependencyForCallParameter(Object(Laravel\\Lumen\\Application), Object(ReflectionParameter), Array, Array)
#1 C:\\Users\\HikimoriKS\\Downloads\\firstAPI\\vendor\\illuminate\\container\\BoundMethod.php(37): Illuminate\\Container\\BoundMethod::getMethodDependencies(Object(Laravel\\Lumen\\Application), Array, Array)
#2 C:\\Users\\HikimoriKS\\Downloads\\firstAPI\\vendor\\illuminate\\container\\Util.php(40): Illuminate\\Container\\BoundMethod::Illuminate\\Container\\{closure}()
#3 C:\\Users\\HikimoriKS\\Downloads\\firstAPI\\vendor\\illuminate\\container\\BoundMethod.php(95): Illuminate\\Container\\Util::unwrapIfClosure(Object(Closure))
#4 C:\\Users\\HikimoriKS\\Downloads\\firstAPI\\vendor\\illuminate\\container\\BoundMethod.php(39): Illuminate\\Container\\BoundMethod::callBoundMethod(Object(Laravel\\Lumen\\Application), Array, Object(Closure))
#5 C:\\Users\\HikimoriKS\\Downloads\\firstAPI\\vendor\\illuminate\\container\\Container.php(596): Illuminate\\Container\\BoundMethod::call(Object(Laravel\\Lumen\\Application), Array, Array, NULL)
#6 C:\\Users\\HikimoriKS\\Downloads\\firstAPI\\vendor\\laravel\\lumen-framework\\src\\Concerns\\RoutesRequests.php(386): Illuminate\\Container\\Container->call(Array, Array)
#7 C:\\Users\\HikimoriKS\\Downloads\\firstAPI\\vendor\\laravel\\lumen-framework\\src\\Concerns\\RoutesRequests.php(352): Laravel\\Lumen\\Application->callControllerCallable(Array, Array)
#8 C:\\Users\\HikimoriKS\\Downloads\\firstAPI\\vendor\\laravel\\lumen-framework\\src\\Concerns\\RoutesRequests.php(326): Laravel\\Lumen\\Application->callLumenController(Object(App\\Http\\Controllers\\UserController), 'getPassword', Array)
#9 C:\\Users\\HikimoriKS\\Downloads\\firstAPI\\vendor\\laravel\\lumen-framework\\src\\Concerns\\RoutesRequests.php(279): Laravel\\Lumen\\Application->callControllerAction(Array)
#10 C:\\Users\\HikimoriKS\\Downloads\\firstAPI\\vendor\\laravel\\lumen-framework\\src\\Concerns\\RoutesRequests.php(264): Laravel\\Lumen\\Application->callActionOnArrayBasedRoute(Array)
#11 C:\\Users\\HikimoriKS\\Downloads\\firstAPI\\vendor\\laravel\\lumen-framework\\src\\Concerns\\RoutesRequests.php(166): Laravel\\Lumen\\Application->handleFoundRoute(Array)
#12 C:\\Users\\HikimoriKS\\Downloads\\firstAPI\\vendor\\laravel\\lumen-framework\\src\\Concerns\\RoutesRequests.php(426): Laravel\\Lumen\\Application->Laravel\\Lumen\\Concerns\\{closure}(Object(Laravel\\Lumen\\Http\\Request))
#13 C:\\Users\\HikimoriKS\\Downloads\\firstAPI\\vendor\\laravel\\lumen-framework\\src\\Concerns\\RoutesRequests.php(172): Laravel\\Lumen\\Application->sendThroughPipeline(Array, Object(Closure))
#14 C:\\Users\\HikimoriKS\\Downloads\\firstAPI\\vendor\\laravel\\lumen-framework\\src\\Concerns\\RoutesRequests.php(109): Laravel\\Lumen\\Application->dispatch(NULL)
#15 C:\\Users\\HikimoriKS\\Downloads\\firstAPI\\public\\index.php(28): Laravel\\Lumen\\Application->run()
#16 {main}
"} 
[2020-10-06 03:55:05] local.ERROR: Unable to resolve dependency [Parameter #0 [ <required> $id ]] in class App\Http\Controllers\UserController {"exception":"[object] (Illuminate\\Contracts\\Container\\BindingResolutionException(code: 0): Unable to resolve dependency [Parameter #0 [ <required> $id ]] in class App\\Http\\Controllers\\UserController at C:\\Users\\HikimoriKS\\Downloads\\firstAPI\\vendor\\illuminate\\container\\BoundMethod.php:182)
[stacktrace]
#0 C:\\Users\\HikimoriKS\\Downloads\\firstAPI\\vendor\\illuminate\\container\\BoundMethod.php(126): Illuminate\\Container\\BoundMethod::addDependencyForCallParameter(Object(Laravel\\Lumen\\Application), Object(ReflectionParameter), Array, Array)
#1 C:\\Users\\HikimoriKS\\Downloads\\firstAPI\\vendor\\illuminate\\container\\BoundMethod.php(37): Illuminate\\Container\\BoundMethod::getMethodDependencies(Object(Laravel\\Lumen\\Application), Array, Array)
#2 C:\\Users\\HikimoriKS\\Downloads\\firstAPI\\vendor\\illuminate\\container\\Util.php(40): Illuminate\\Container\\BoundMethod::Illuminate\\Container\\{closure}()
#3 C:\\Users\\HikimoriKS\\Downloads\\firstAPI\\vendor\\illuminate\\container\\BoundMethod.php(95): Illuminate\\Container\\Util::unwrapIfClosure(Object(Closure))
#4 C:\\Users\\HikimoriKS\\Downloads\\firstAPI\\vendor\\illuminate\\container\\BoundMethod.php(39): Illuminate\\Container\\BoundMethod::callBoundMethod(Object(Laravel\\Lumen\\Application), Array, Object(Closure))
#5 C:\\Users\\HikimoriKS\\Downloads\\firstAPI\\vendor\\illuminate\\container\\Container.php(596): Illuminate\\Container\\BoundMethod::call(Object(Laravel\\Lumen\\Application), Array, Array, NULL)
#6 C:\\Users\\HikimoriKS\\Downloads\\firstAPI\\vendor\\laravel\\lumen-framework\\src\\Concerns\\RoutesRequests.php(386): Illuminate\\Container\\Container->call(Array, Array)
#7 C:\\Users\\HikimoriKS\\Downloads\\firstAPI\\vendor\\laravel\\lumen-framework\\src\\Concerns\\RoutesRequests.php(352): Laravel\\Lumen\\Application->callControllerCallable(Array, Array)
#8 C:\\Users\\HikimoriKS\\Downloads\\firstAPI\\vendor\\laravel\\lumen-framework\\src\\Concerns\\RoutesRequests.php(326): Laravel\\Lumen\\Application->callLumenController(Object(App\\Http\\Controllers\\UserController), 'getPassword', Array)
#9 C:\\Users\\HikimoriKS\\Downloads\\firstAPI\\vendor\\laravel\\lumen-framework\\src\\Concerns\\RoutesRequests.php(279): Laravel\\Lumen\\Application->callControllerAction(Array)
#10 C:\\Users\\HikimoriKS\\Downloads\\firstAPI\\vendor\\laravel\\lumen-framework\\src\\Concerns\\RoutesRequests.php(264): Laravel\\Lumen\\Application->callActionOnArrayBasedRoute(Array)
#11 C:\\Users\\HikimoriKS\\Downloads\\firstAPI\\vendor\\laravel\\lumen-framework\\src\\Concerns\\RoutesRequests.php(166): Laravel\\Lumen\\Application->handleFoundRoute(Array)
#12 C:\\Users\\HikimoriKS\\Downloads\\firstAPI\\vendor\\laravel\\lumen-framework\\src\\Concerns\\RoutesRequests.php(426): Laravel\\Lumen\\Application->Laravel\\Lumen\\Concerns\\{closure}(Object(Laravel\\Lumen\\Http\\Request))
#13 C:\\Users\\HikimoriKS\\Downloads\\firstAPI\\vendor\\laravel\\lumen-framework\\src\\Concerns\\RoutesRequests.php(172): Laravel\\Lumen\\Application->sendThroughPipeline(Array, Object(Closure))
#14 C:\\Users\\HikimoriKS\\Downloads\\firstAPI\\vendor\\laravel\\lumen-framework\\src\\Concerns\\RoutesRequests.php(109): Laravel\\Lumen\\Application->dispatch(NULL)
#15 C:\\Users\\HikimoriKS\\Downloads\\firstAPI\\public\\index.php(28): Laravel\\Lumen\\Application->run()
#16 {main}
"} 
[2020-10-06 04:02:47] local.ERROR: Unable to resolve dependency [Parameter #0 [ <required> $id ]] in class App\Http\Controllers\UserController {"exception":"[object] (Illuminate\\Contracts\\Container\\BindingResolutionException(code: 0): Unable to resolve dependency [Parameter #0 [ <required> $id ]] in class App\\Http\\Controllers\\UserController at C:\\Users\\HikimoriKS\\Downloads\\firstAPI\\vendor\\illuminate\\container\\BoundMethod.php:182)
[stacktrace]
#0 C:\\Users\\HikimoriKS\\Downloads\\firstAPI\\vendor\\illuminate\\container\\BoundMethod.php(126): Illuminate\\Container\\BoundMethod::addDependencyForCallParameter(Object(Laravel\\Lumen\\Application), Object(ReflectionParameter), Array, Array)
#1 C:\\Users\\HikimoriKS\\Downloads\\firstAPI\\vendor\\illuminate\\container\\BoundMethod.php(37): Illuminate\\Container\\BoundMethod::getMethodDependencies(Object(Laravel\\Lumen\\Application), Array, Array)
#2 C:\\Users\\HikimoriKS\\Downloads\\firstAPI\\vendor\\illuminate\\container\\Util.php(40): Illuminate\\Container\\BoundMethod::Illuminate\\Container\\{closure}()
#3 C:\\Users\\HikimoriKS\\Downloads\\firstAPI\\vendor\\illuminate\\container\\BoundMethod.php(95): Illuminate\\Container\\Util::unwrapIfClosure(Object(Closure))
#4 C:\\Users\\HikimoriKS\\Downloads\\firstAPI\\vendor\\illuminate\\container\\BoundMethod.php(39): Illuminate\\Container\\BoundMethod::callBoundMethod(Object(Laravel\\Lumen\\Application), Array, Object(Closure))
#5 C:\\Users\\HikimoriKS\\Downloads\\firstAPI\\vendor\\illuminate\\container\\Container.php(596): Illuminate\\Container\\BoundMethod::call(Object(Laravel\\Lumen\\Application), Array, Array, NULL)
#6 C:\\Users\\HikimoriKS\\Downloads\\firstAPI\\vendor\\laravel\\lumen-framework\\src\\Concerns\\RoutesRequests.php(386): Illuminate\\Container\\Container->call(Array, Array)
#7 C:\\Users\\HikimoriKS\\Downloads\\firstAPI\\vendor\\laravel\\lumen-framework\\src\\Concerns\\RoutesRequests.php(352): Laravel\\Lumen\\Application->callControllerCallable(Array, Array)
#8 C:\\Users\\HikimoriKS\\Downloads\\firstAPI\\vendor\\laravel\\lumen-framework\\src\\Concerns\\RoutesRequests.php(326): Laravel\\Lumen\\Application->callLumenController(Object(App\\Http\\Controllers\\UserController), 'getPassword', Array)
#9 C:\\Users\\HikimoriKS\\Downloads\\firstAPI\\vendor\\laravel\\lumen-framework\\src\\Concerns\\RoutesRequests.php(279): Laravel\\Lumen\\Application->callControllerAction(Array)
#10 C:\\Users\\HikimoriKS\\Downloads\\firstAPI\\vendor\\laravel\\lumen-framework\\src\\Concerns\\RoutesRequests.php(264): Laravel\\Lumen\\Application->callActionOnArrayBasedRoute(Array)
#11 C:\\Users\\HikimoriKS\\Downloads\\firstAPI\\vendor\\laravel\\lumen-framework\\src\\Concerns\\RoutesRequests.php(166): Laravel\\Lumen\\Application->handleFoundRoute(Array)
#12 C:\\Users\\HikimoriKS\\Downloads\\firstAPI\\vendor\\laravel\\lumen-framework\\src\\Concerns\\RoutesRequests.php(426): Laravel\\Lumen\\Application->Laravel\\Lumen\\Concerns\\{closure}(Object(Laravel\\Lumen\\Http\\Request))
#13 C:\\Users\\HikimoriKS\\Downloads\\firstAPI\\vendor\\laravel\\lumen-framework\\src\\Concerns\\RoutesRequests.php(172): Laravel\\Lumen\\Application->sendThroughPipeline(Array, Object(Closure))
#14 C:\\Users\\HikimoriKS\\Downloads\\firstAPI\\vendor\\laravel\\lumen-framework\\src\\Concerns\\RoutesRequests.php(109): Laravel\\Lumen\\Application->dispatch(NULL)
#15 C:\\Users\\HikimoriKS\\Downloads\\firstAPI\\public\\index.php(28): Laravel\\Lumen\\Application->run()
#16 {main}
"} 
[2020-10-06 04:03:26] local.ERROR: Unable to resolve dependency [Parameter #0 [ <required> $id ]] in class App\Http\Controllers\UserController {"exception":"[object] (Illuminate\\Contracts\\Container\\BindingResolutionException(code: 0): Unable to resolve dependency [Parameter #0 [ <required> $id ]] in class App\\Http\\Controllers\\UserController at C:\\Users\\HikimoriKS\\Downloads\\firstAPI\\vendor\\illuminate\\container\\BoundMethod.php:182)
[stacktrace]
#0 C:\\Users\\HikimoriKS\\Downloads\\firstAPI\\vendor\\illuminate\\container\\BoundMethod.php(126): Illuminate\\Container\\BoundMethod::addDependencyForCallParameter(Object(Laravel\\Lumen\\Application), Object(ReflectionParameter), Array, Array)
#1 C:\\Users\\HikimoriKS\\Downloads\\firstAPI\\vendor\\illuminate\\container\\BoundMethod.php(37): Illuminate\\Container\\BoundMethod::getMethodDependencies(Object(Laravel\\Lumen\\Application), Array, Array)
#2 C:\\Users\\HikimoriKS\\Downloads\\firstAPI\\vendor\\illuminate\\container\\Util.php(40): Illuminate\\Container\\BoundMethod::Illuminate\\Container\\{closure}()
#3 C:\\Users\\HikimoriKS\\Downloads\\firstAPI\\vendor\\illuminate\\container\\BoundMethod.php(95): Illuminate\\Container\\Util::unwrapIfClosure(Object(Closure))
#4 C:\\Users\\HikimoriKS\\Downloads\\firstAPI\\vendor\\illuminate\\container\\BoundMethod.php(39): Illuminate\\Container\\BoundMethod::callBoundMethod(Object(Laravel\\Lumen\\Application), Array, Object(Closure))
#5 C:\\Users\\HikimoriKS\\Downloads\\firstAPI\\vendor\\illuminate\\container\\Container.php(596): Illuminate\\Container\\BoundMethod::call(Object(Laravel\\Lumen\\Application), Array, Array, NULL)
#6 C:\\Users\\HikimoriKS\\Downloads\\firstAPI\\vendor\\laravel\\lumen-framework\\src\\Concerns\\RoutesRequests.php(386): Illuminate\\Container\\Container->call(Array, Array)
#7 C:\\Users\\HikimoriKS\\Downloads\\firstAPI\\vendor\\laravel\\lumen-framework\\src\\Concerns\\RoutesRequests.php(352): Laravel\\Lumen\\Application->callControllerCallable(Array, Array)
#8 C:\\Users\\HikimoriKS\\Downloads\\firstAPI\\vendor\\laravel\\lumen-framework\\src\\Concerns\\RoutesRequests.php(326): Laravel\\Lumen\\Application->callLumenController(Object(App\\Http\\Controllers\\UserController), 'getPassword', Array)
#9 C:\\Users\\HikimoriKS\\Downloads\\firstAPI\\vendor\\laravel\\lumen-framework\\src\\Concerns\\RoutesRequests.php(279): Laravel\\Lumen\\Application->callControllerAction(Array)
#10 C:\\Users\\HikimoriKS\\Downloads\\firstAPI\\vendor\\laravel\\lumen-framework\\src\\Concerns\\RoutesRequests.php(264): Laravel\\Lumen\\Application->callActionOnArrayBasedRoute(Array)
#11 C:\\Users\\HikimoriKS\\Downloads\\firstAPI\\vendor\\laravel\\lumen-framework\\src\\Concerns\\RoutesRequests.php(166): Laravel\\Lumen\\Application->handleFoundRoute(Array)
#12 C:\\Users\\HikimoriKS\\Downloads\\firstAPI\\vendor\\laravel\\lumen-framework\\src\\Concerns\\RoutesRequests.php(426): Laravel\\Lumen\\Application->Laravel\\Lumen\\Concerns\\{closure}(Object(Laravel\\Lumen\\Http\\Request))
#13 C:\\Users\\HikimoriKS\\Downloads\\firstAPI\\vendor\\laravel\\lumen-framework\\src\\Concerns\\RoutesRequests.php(172): Laravel\\Lumen\\Application->sendThroughPipeline(Array, Object(Closure))
#14 C:\\Users\\HikimoriKS\\Downloads\\firstAPI\\vendor\\laravel\\lumen-framework\\src\\Concerns\\RoutesRequests.php(109): Laravel\\Lumen\\Application->dispatch(NULL)
#15 C:\\Users\\HikimoriKS\\Downloads\\firstAPI\\public\\index.php(28): Laravel\\Lumen\\Application->run()
#16 {main}
"} 
[2020-10-06 04:03:29] local.ERROR: Unable to resolve dependency [Parameter #0 [ <required> $id ]] in class App\Http\Controllers\UserController {"exception":"[object] (Illuminate\\Contracts\\Container\\BindingResolutionException(code: 0): Unable to resolve dependency [Parameter #0 [ <required> $id ]] in class App\\Http\\Controllers\\UserController at C:\\Users\\HikimoriKS\\Downloads\\firstAPI\\vendor\\illuminate\\container\\BoundMethod.php:182)
[stacktrace]
#0 C:\\Users\\HikimoriKS\\Downloads\\firstAPI\\vendor\\illuminate\\container\\BoundMethod.php(126): Illuminate\\Container\\BoundMethod::addDependencyForCallParameter(Object(Laravel\\Lumen\\Application), Object(ReflectionParameter), Array, Array)
#1 C:\\Users\\HikimoriKS\\Downloads\\firstAPI\\vendor\\illuminate\\container\\BoundMethod.php(37): Illuminate\\Container\\BoundMethod::getMethodDependencies(Object(Laravel\\Lumen\\Application), Array, Array)
#2 C:\\Users\\HikimoriKS\\Downloads\\firstAPI\\vendor\\illuminate\\container\\Util.php(40): Illuminate\\Container\\BoundMethod::Illuminate\\Container\\{closure}()
#3 C:\\Users\\HikimoriKS\\Downloads\\firstAPI\\vendor\\illuminate\\container\\BoundMethod.php(95): Illuminate\\Container\\Util::unwrapIfClosure(Object(Closure))
#4 C:\\Users\\HikimoriKS\\Downloads\\firstAPI\\vendor\\illuminate\\container\\BoundMethod.php(39): Illuminate\\Container\\BoundMethod::callBoundMethod(Object(Laravel\\Lumen\\Application), Array, Object(Closure))
#5 C:\\Users\\HikimoriKS\\Downloads\\firstAPI\\vendor\\illuminate\\container\\Container.php(596): Illuminate\\Container\\BoundMethod::call(Object(Laravel\\Lumen\\Application), Array, Array, NULL)
#6 C:\\Users\\HikimoriKS\\Downloads\\firstAPI\\vendor\\laravel\\lumen-framework\\src\\Concerns\\RoutesRequests.php(386): Illuminate\\Container\\Container->call(Array, Array)
#7 C:\\Users\\HikimoriKS\\Downloads\\firstAPI\\vendor\\laravel\\lumen-framework\\src\\Concerns\\RoutesRequests.php(352): Laravel\\Lumen\\Application->callControllerCallable(Array, Array)
#8 C:\\Users\\HikimoriKS\\Downloads\\firstAPI\\vendor\\laravel\\lumen-framework\\src\\Concerns\\RoutesRequests.php(326): Laravel\\Lumen\\Application->callLumenController(Object(App\\Http\\Controllers\\UserController), 'getPassword', Array)
#9 C:\\Users\\HikimoriKS\\Downloads\\firstAPI\\vendor\\laravel\\lumen-framework\\src\\Concerns\\RoutesRequests.php(279): Laravel\\Lumen\\Application->callControllerAction(Array)
#10 C:\\Users\\HikimoriKS\\Downloads\\firstAPI\\vendor\\laravel\\lumen-framework\\src\\Concerns\\RoutesRequests.php(264): Laravel\\Lumen\\Application->callActionOnArrayBasedRoute(Array)
#11 C:\\Users\\HikimoriKS\\Downloads\\firstAPI\\vendor\\laravel\\lumen-framework\\src\\Concerns\\RoutesRequests.php(166): Laravel\\Lumen\\Application->handleFoundRoute(Array)
#12 C:\\Users\\HikimoriKS\\Downloads\\firstAPI\\vendor\\laravel\\lumen-framework\\src\\Concerns\\RoutesRequests.php(426): Laravel\\Lumen\\Application->Laravel\\Lumen\\Concerns\\{closure}(Object(Laravel\\Lumen\\Http\\Request))
#13 C:\\Users\\HikimoriKS\\Downloads\\firstAPI\\vendor\\laravel\\lumen-framework\\src\\Concerns\\RoutesRequests.php(172): Laravel\\Lumen\\Application->sendThroughPipeline(Array, Object(Closure))
#14 C:\\Users\\HikimoriKS\\Downloads\\firstAPI\\vendor\\laravel\\lumen-framework\\src\\Concerns\\RoutesRequests.php(109): Laravel\\Lumen\\Application->dispatch(NULL)
#15 C:\\Users\\HikimoriKS\\Downloads\\firstAPI\\public\\index.php(28): Laravel\\Lumen\\Application->run()
#16 {main}
"} 
[2020-10-06 04:04:03] local.ERROR: Unable to resolve dependency [Parameter #0 [ <required> $id ]] in class App\Http\Controllers\UserController {"exception":"[object] (Illuminate\\Contracts\\Container\\BindingResolutionException(code: 0): Unable to resolve dependency [Parameter #0 [ <required> $id ]] in class App\\Http\\Controllers\\UserController at C:\\Users\\HikimoriKS\\Downloads\\firstAPI\\vendor\\illuminate\\container\\BoundMethod.php:182)
[stacktrace]
#0 C:\\Users\\HikimoriKS\\Downloads\\firstAPI\\vendor\\illuminate\\container\\BoundMethod.php(126): Illuminate\\Container\\BoundMethod::addDependencyForCallParameter(Object(Laravel\\Lumen\\Application), Object(ReflectionParameter), Array, Array)
#1 C:\\Users\\HikimoriKS\\Downloads\\firstAPI\\vendor\\illuminate\\container\\BoundMethod.php(37): Illuminate\\Container\\BoundMethod::getMethodDependencies(Object(Laravel\\Lumen\\Application), Array, Array)
#2 C:\\Users\\HikimoriKS\\Downloads\\firstAPI\\vendor\\illuminate\\container\\Util.php(40): Illuminate\\Container\\BoundMethod::Illuminate\\Container\\{closure}()
#3 C:\\Users\\HikimoriKS\\Downloads\\firstAPI\\vendor\\illuminate\\container\\BoundMethod.php(95): Illuminate\\Container\\Util::unwrapIfClosure(Object(Closure))
#4 C:\\Users\\HikimoriKS\\Downloads\\firstAPI\\vendor\\illuminate\\container\\BoundMethod.php(39): Illuminate\\Container\\BoundMethod::callBoundMethod(Object(Laravel\\Lumen\\Application), Array, Object(Closure))
#5 C:\\Users\\HikimoriKS\\Downloads\\firstAPI\\vendor\\illuminate\\container\\Container.php(596): Illuminate\\Container\\BoundMethod::call(Object(Laravel\\Lumen\\Application), Array, Array, NULL)
#6 C:\\Users\\HikimoriKS\\Downloads\\firstAPI\\vendor\\laravel\\lumen-framework\\src\\Concerns\\RoutesRequests.php(386): Illuminate\\Container\\Container->call(Array, Array)
#7 C:\\Users\\HikimoriKS\\Downloads\\firstAPI\\vendor\\laravel\\lumen-framework\\src\\Concerns\\RoutesRequests.php(352): Laravel\\Lumen\\Application->callControllerCallable(Array, Array)
#8 C:\\Users\\HikimoriKS\\Downloads\\firstAPI\\vendor\\laravel\\lumen-framework\\src\\Concerns\\RoutesRequests.php(326): Laravel\\Lumen\\Application->callLumenController(Object(App\\Http\\Controllers\\UserController), 'getPassword', Array)
#9 C:\\Users\\HikimoriKS\\Downloads\\firstAPI\\vendor\\laravel\\lumen-framework\\src\\Concerns\\RoutesRequests.php(279): Laravel\\Lumen\\Application->callControllerAction(Array)
#10 C:\\Users\\HikimoriKS\\Downloads\\firstAPI\\vendor\\laravel\\lumen-framework\\src\\Concerns\\RoutesRequests.php(264): Laravel\\Lumen\\Application->callActionOnArrayBasedRoute(Array)
#11 C:\\Users\\HikimoriKS\\Downloads\\firstAPI\\vendor\\laravel\\lumen-framework\\src\\Concerns\\RoutesRequests.php(166): Laravel\\Lumen\\Application->handleFoundRoute(Array)
#12 C:\\Users\\HikimoriKS\\Downloads\\firstAPI\\vendor\\laravel\\lumen-framework\\src\\Concerns\\RoutesRequests.php(426): Laravel\\Lumen\\Application->Laravel\\Lumen\\Concerns\\{closure}(Object(Laravel\\Lumen\\Http\\Request))
#13 C:\\Users\\HikimoriKS\\Downloads\\firstAPI\\vendor\\laravel\\lumen-framework\\src\\Concerns\\RoutesRequests.php(172): Laravel\\Lumen\\Application->sendThroughPipeline(Array, Object(Closure))
#14 C:\\Users\\HikimoriKS\\Downloads\\firstAPI\\vendor\\laravel\\lumen-framework\\src\\Concerns\\RoutesRequests.php(109): Laravel\\Lumen\\Application->dispatch(NULL)
#15 C:\\Users\\HikimoriKS\\Downloads\\firstAPI\\public\\index.php(28): Laravel\\Lumen\\Application->run()
#16 {main}
"} 
